<?xml version="1.0" encoding="UTF-8"?>
<testsuite name="server.ServerTests" tests="1" skipped="0" failures="0" errors="0" timestamp="2020-03-31T17:19:04" hostname="Vishals-MBP" time="0.041">
  <properties/>
  <testcase name="test" classname="server.ServerTests" time="0.041"/>
  <system-out><![CDATA[]]></system-out>
  <system-err><![CDATA[]]></system-err>
</testsuite>
