<?xml version="1.0" encoding="UTF-8"?>
<testsuite name="client.ClientTests" tests="1" skipped="0" failures="0" errors="0" timestamp="2020-03-31T17:19:03" hostname="Vishals-MBP" time="0.038">
  <properties/>
  <testcase name="test" classname="client.ClientTests" time="0.038"/>
  <system-out><![CDATA[]]></system-out>
  <system-err><![CDATA[]]></system-err>
</testsuite>
